Log file open, 02/14/20 02:01:53
LogWindows: Failed to load 'aqProf.dll' (GetLastError=126)
LogWindows: File 'aqProf.dll' does not exist
LogWindows: Failed to load 'VtuneApi.dll' (GetLastError=126)
LogWindows: File 'VtuneApi.dll' does not exist
LogWindows: Failed to load 'VtuneApi32e.dll' (GetLastError=126)
LogWindows: File 'VtuneApi32e.dll' does not exist
LogConsoleResponse: Display: Failed to find resolution value strings in scalability ini. Falling back to default.
LogInit: Display: Running engine for game: Apache_Shooter
LogPlatformFile: Not using cached read wrapper
LogTaskGraph: Started task graph with 5 named threads and 35 total threads with 3 sets of task threads.
LogStats: Stats thread started at 0.071463
LogD3D11RHI: Loaded GFSDK_Aftermath_Lib.x64.dll
LogICUInternationalization: ICU TimeZone Detection - Raw Offset: -3:00, Platform Override: ''
LogPluginManager: Mounting plugin Paper2D
LogPluginManager: Mounting plugin AISupport
LogPluginManager: Mounting plugin LightPropagationVolume
LogPluginManager: Mounting plugin ActorLayerUtilities
LogPluginManager: Mounting plugin AnimationSharing
LogPluginManager: Mounting plugin CLionSourceCodeAccess
LogPluginManager: Mounting plugin CodeLiteSourceCodeAccess
LogPluginManager: Mounting plugin GitSourceControl
LogPluginManager: Mounting plugin KDevelopSourceCodeAccess
LogPluginManager: Mounting plugin NullSourceCodeAccess
LogPluginManager: Mounting plugin PerforceSourceControl
LogPluginManager: Mounting plugin PlasticSourceControl
LogPluginManager: Mounting plugin SubversionSourceControl
LogPluginManager: Mounting plugin UObjectPlugin
LogPluginManager: Mounting plugin VisualStudioCodeSourceCodeAccess
LogPluginManager: Mounting plugin VisualStudioSourceCodeAccess
LogPluginManager: Mounting plugin XCodeSourceCodeAccess
LogPluginManager: Mounting plugin AssetManagerEditor
LogPluginManager: Mounting plugin CryptoKeys
LogPluginManager: Mounting plugin CurveEditorTools
LogPluginManager: Mounting plugin DataValidation
LogPluginManager: Mounting plugin FacialAnimation
LogPluginManager: Mounting plugin GameplayTagsEditor
LogPluginManager: Mounting plugin MacGraphicsSwitching
LogPluginManager: Mounting plugin MaterialAnalyzer
LogPluginManager: Mounting plugin MobileLauncherProfileWizard
LogPluginManager: Mounting plugin PluginBrowser
LogPluginManager: Mounting plugin SpeedTreeImporter
LogPluginManager: Mounting plugin DatasmithContent
LogPluginManager: Mounting plugin VariantManagerContent
LogPluginManager: Mounting plugin AlembicImporter
LogPluginManager: Mounting plugin AutomationUtils
LogPluginManager: Mounting plugin BackChannel
LogPluginManager: Mounting plugin CharacterAI
LogPluginManager: Mounting plugin GeometryCache
LogPluginManager: Mounting plugin PlatformCrypto
LogPluginManager: Mounting plugin ProxyLODPlugin
LogPluginManager: Mounting plugin SkeletalReduction
LogPluginManager: Mounting plugin MagicLeap
LogPluginManager: Mounting plugin MagicLeapMedia
LogPluginManager: Mounting plugin MLSDK
LogPluginManager: Mounting plugin AndroidMedia
LogPluginManager: Mounting plugin AvfMedia
LogPluginManager: Mounting plugin ImgMedia
LogPluginManager: Mounting plugin MediaCompositing
LogPluginManager: Mounting plugin MediaPlayerEditor
LogPluginManager: Mounting plugin WebMMedia
LogPluginManager: Mounting plugin WmfMedia
LogPluginManager: Mounting plugin TcpMessaging
LogPluginManager: Mounting plugin UdpMessaging
LogPluginManager: Mounting plugin ActorSequence
LogPluginManager: Mounting plugin LevelSequenceEditor
LogPluginManager: Mounting plugin MatineeToLevelSequence
LogPluginManager: Mounting plugin NetcodeUnitTest
LogPluginManager: Mounting plugin NUTUnrealEngine4
LogPluginManager: Mounting plugin OnlineSubsystemGooglePlay
LogPluginManager: Mounting plugin OnlineSubsystemIOS
LogPluginManager: Mounting plugin OnlineSubsystem
LogPluginManager: Mounting plugin OnlineSubsystemNull
LogPluginManager: Mounting plugin OnlineSubsystemUtils
LogPluginManager: Mounting plugin LauncherChunkInstaller
LogPluginManager: Mounting plugin AndroidDeviceProfileSelector
LogPluginManager: Mounting plugin AndroidMoviePlayer
LogPluginManager: Mounting plugin AndroidPermission
LogPluginManager: Mounting plugin AppleImageUtils
LogPluginManager: Mounting plugin AppleMoviePlayer
LogPluginManager: Mounting plugin ArchVisCharacter
LogPluginManager: Mounting plugin AssetTags
LogPluginManager: Mounting plugin AudioCapture
LogPluginManager: Mounting plugin CableComponent
LogPluginManager: Mounting plugin CustomMeshComponent
LogPluginManager: Mounting plugin EditableMesh
LogPluginManager: Mounting plugin ExampleDeviceProfileSelector
LogPluginManager: Mounting plugin GoogleCloudMessaging
LogPluginManager: Mounting plugin IOSDeviceProfileSelector
LogPluginManager: Mounting plugin LinuxDeviceProfileSelector
LogPluginManager: Mounting plugin LocationServicesBPLibrary
LogPluginManager: Mounting plugin MobilePatchingUtils
LogPluginManager: Mounting plugin OculusVR
LogPluginManager: Mounting plugin PhysXVehicles
LogPluginManager: Mounting plugin PostSplashScreen
LogPluginManager: Mounting plugin ProceduralMeshComponent
LogPluginManager: Mounting plugin RuntimePhysXCooking
LogPluginManager: Mounting plugin SignificanceManager
LogPluginManager: Mounting plugin SteamVR
LogPluginManager: Mounting plugin WebMMoviePlayer
LogPluginManager: Mounting plugin WindowsMoviePlayer
LogPluginManager: Mounting plugin ScreenshotTools
LogInit: Using libcurl 7.55.1-DEV
LogInit:  - built for x86_64-pc-win32
LogInit:  - supports SSL with OpenSSL/1.1.1
LogInit:  - supports HTTP deflate (compression) using libz 1.2.8
LogInit:  - other features:
LogInit:      CURL_VERSION_SSL
LogInit:      CURL_VERSION_LIBZ
LogInit:      CURL_VERSION_IPV6
LogInit:      CURL_VERSION_ASYNCHDNS
LogInit:      CURL_VERSION_LARGEFILE
LogInit:      CURL_VERSION_IDN
LogInit:  CurlRequestOptions (configurable via config and command line):
LogInit:  - bVerifyPeer = true  - Libcurl will verify peer certificate
LogInit:  - bUseHttpProxy = false  - Libcurl will NOT use HTTP proxy
LogInit:  - bDontReuseConnections = false  - Libcurl will reuse connections
LogInit:  - MaxHostConnections = 16  - Libcurl will limit the number of connections to a host
LogInit:  - LocalHostAddr = Default
LogInit:  - BufferSize = 65536
LogOnline: OSS: Creating online subsystem instance for: NULL
LogInit: WinSock: version 1.1 (2.2), MaxSocks=32767, MaxUdp=65467
LogOnline: OSS: TryLoadSubsystemAndSetDefault: Loaded subsystem for module [NULL]
LogHMD: Failed initializing OVRPlugin 1.40.0
LogInit: Build: ++UE4+Release-4.24-CL-11100242
LogInit: Engine Version: 4.24.2-11100242+++UE4+Release-4.24
LogInit: Compatible Engine Version: 4.24.0-10570792+++UE4+Release-4.24
LogInit: Net CL: 10570792
LogInit: OS: Windows 10 (Release 1903) (), CPU: Intel(R) Core(TM) i7-9750H CPU @ 2.60GHz, GPU: Intel(R) UHD Graphics 630
LogInit: Compiled (64-bit): Jan 24 2020 02:05:53
LogInit: Compiled with Visual C++: 19.16.27032.01
LogInit: Build Configuration: Development
LogInit: Branch Name: ++UE4+Release-4.24
LogInit: Command Line: 
LogInit: Base Directory: C:/UE_4.24/Engine/Binaries/Win64/
LogInit: Installed Engine Build: 1
LogDevObjectVersion: Number of dev versions registered: 25
LogDevObjectVersion:   Dev-Blueprints (B0D832E4-1F89-4F0D-ACCF-7EB736FD4AA2): 10
LogDevObjectVersion:   Dev-Build (E1C64328-A22C-4D53-A36C-8E866417BD8C): 0
LogDevObjectVersion:   Dev-Core (375EC13C-06E4-48FB-B500-84F0262A717E): 3
LogDevObjectVersion:   Dev-Editor (E4B068ED-F494-42E9-A231-DA0B2E46BB41): 37
LogDevObjectVersion:   Dev-Framework (CFFC743F-43B0-4480-9391-14DF171D2073): 36
LogDevObjectVersion:   Dev-Mobile (B02B49B5-BB20-44E9-A304-32B752E40360): 2
LogDevObjectVersion:   Dev-Networking (A4E4105C-59A1-49B5-A7C5-40C4547EDFEE): 0
LogDevObjectVersion:   Dev-Online (39C831C9-5AE6-47DC-9A44-9C173E1C8E7C): 0
LogDevObjectVersion:   Dev-Physics (78F01B33-EBEA-4F98-B9B4-84EACCB95AA2): 2
LogDevObjectVersion:   Dev-Platform (6631380F-2D4D-43E0-8009-CF276956A95A): 0
LogDevObjectVersion:   Dev-Rendering (12F88B9F-8875-4AFC-A67C-D90C383ABD29): 36
LogDevObjectVersion:   Dev-Sequencer (7B5AE74C-D270-4C10-A958-57980B212A5A): 11
LogDevObjectVersion:   Dev-VR (D7296918-1DD6-4BDD-9DE2-64A83CC13884): 2
LogDevObjectVersion:   Dev-LoadTimes (C2A15278-BFE7-4AFE-6C17-90FF531DF755): 1
LogDevObjectVersion:   Private-Geometry (6EACA3D4-40EC-4CC1-B786-8BED09428FC5): 3
LogDevObjectVersion:   Dev-AnimPhys (29E575DD-E0A3-4627-9D10-D276232CDCEA): 17
LogDevObjectVersion:   Dev-Anim (AF43A65D-7FD3-4947-9873-3E8ED9C1BB05): 2
LogDevObjectVersion:   Dev-ReflectionCapture (6B266CEC-1EC7-4B8F-A30B-E4D90942FC07): 1
LogDevObjectVersion:   Dev-Automation (0DF73D61-A23F-47EA-B727-89E90C41499A): 1
LogDevObjectVersion:   FortniteMain (601D1886-AC64-4F84-AA16-D3DE0DEAC7D6): 31
LogDevObjectVersion:   Dev-Enterprise (9DFFBCD6-494F-0158-E221-12823C92A888): 8
LogDevObjectVersion:   Dev-Niagara (F2AED0AC-9AFE-416F-8664-AA7FFA26D6FC): 1
LogDevObjectVersion:   Dev-Destruction (174F1F0B-B4C6-45A5-B13F-2EE8D0FB917D): 9
LogDevObjectVersion:   Dev-Physics-Ext (35F94A83-E258-406C-A318-09F59610247C): 8
LogDevObjectVersion:   Dev-CineCamera (B2E18506-4273-CFC2-A54E-F4BB758BBA07): 1
LogInit: Presizing for max 25165824 objects, including 0 objects not considered by GC, pre-allocating 0 bytes for permanent pool.
LogInit: Object subsystem initialized
LogConfig: Setting CVar [[con.DebugEarlyDefault:1]]
LogConfig: Setting CVar [[r.setres:1280x720]]
[2020.02.14-05.01.53:806][  0]LogConfig: Setting CVar [[r.VSync:0]]
[2020.02.14-05.01.53:806][  0]LogConfig: Setting CVar [[r.RHICmdBypass:0]]
[2020.02.14-05.01.53:806][  0]LogConfig: Applying CVar settings from Section [/Script/Engine.RendererSettings] File [D:/Projects/Apache_Shooter/Saved/Config/Windows/Engine.ini]
[2020.02.14-05.01.53:806][  0]LogConfig: Setting CVar [[r.GPUCrashDebugging:0]]
[2020.02.14-05.01.53:806][  0]LogConfig: Applying CVar settings from Section [/Script/Engine.RendererOverrideSettings] File [D:/Projects/Apache_Shooter/Saved/Config/Windows/Engine.ini]
[2020.02.14-05.01.53:806][  0]LogConfig: Applying CVar settings from Section [/Script/Engine.StreamingSettings] File [D:/Projects/Apache_Shooter/Saved/Config/Windows/Engine.ini]
[2020.02.14-05.01.53:806][  0]LogConfig: Setting CVar [[s.MinBulkDataSizeForAsyncLoading:131072]]
[2020.02.14-05.01.53:806][  0]LogConfig: Setting CVar [[s.AsyncLoadingThreadEnabled:0]]
[2020.02.14-05.01.53:806][  0]LogConfig: Setting CVar [[s.EventDrivenLoaderEnabled:1]]
[2020.02.14-05.01.53:806][  0]LogConfig: Setting CVar [[s.WarnIfTimeLimitExceeded:0]]
[2020.02.14-05.01.53:806][  0]LogConfig: Setting CVar [[s.TimeLimitExceededMultiplier:1.5]]
[2020.02.14-05.01.53:806][  0]LogConfig: Setting CVar [[s.TimeLimitExceededMinTime:0.005]]
[2020.02.14-05.01.53:806][  0]LogConfig: Setting CVar [[s.UseBackgroundLevelStreaming:1]]
[2020.02.14-05.01.53:806][  0]LogConfig: Setting CVar [[s.PriorityAsyncLoadingExtraTime:15.0]]
[2020.02.14-05.01.53:806][  0]LogConfig: Setting CVar [[s.LevelStreamingActorsUpdateTimeLimit:5.0]]
[2020.02.14-05.01.53:806][  0]LogConfig: Setting CVar [[s.PriorityLevelStreamingActorsUpdateExtraTime:5.0]]
[2020.02.14-05.01.53:806][  0]LogConfig: Setting CVar [[s.LevelStreamingComponentsRegistrationGranularity:10]]
[2020.02.14-05.01.53:806][  0]LogConfig: Setting CVar [[s.UnregisterComponentsTimeLimit:1.0]]
[2020.02.14-05.01.53:806][  0]LogConfig: Setting CVar [[s.LevelStreamingComponentsUnregistrationGranularity:5]]
[2020.02.14-05.01.53:806][  0]LogConfig: Setting CVar [[s.FlushStreamingOnExit:1]]
[2020.02.14-05.01.53:806][  0]LogConfig: Applying CVar settings from Section [/Script/Engine.GarbageCollectionSettings] File [D:/Projects/Apache_Shooter/Saved/Config/Windows/Engine.ini]
[2020.02.14-05.01.53:806][  0]LogConfig: Setting CVar [[gc.MaxObjectsNotConsideredByGC:1]]
[2020.02.14-05.01.53:806][  0]LogConfig: Setting CVar [[gc.SizeOfPermanentObjectPool:0]]
[2020.02.14-05.01.53:806][  0]LogConfig: Setting CVar [[gc.FlushStreamingOnGC:0]]
[2020.02.14-05.01.53:806][  0]LogConfig: Setting CVar [[gc.NumRetriesBeforeForcingGC:10]]
[2020.02.14-05.01.53:806][  0]LogConfig: Setting CVar [[gc.AllowParallelGC:1]]
[2020.02.14-05.01.53:806][  0]LogConfig: Setting CVar [[gc.TimeBetweenPurgingPendingKillObjects:61.1]]
[2020.02.14-05.01.53:806][  0]LogConfig: Setting CVar [[gc.MaxObjectsInEditor:25165824]]
[2020.02.14-05.01.53:806][  0]LogConfig: Setting CVar [[gc.IncrementalBeginDestroyEnabled:1]]
[2020.02.14-05.01.53:806][  0]LogConfig: Setting CVar [[gc.CreateGCClusters:1]]
[2020.02.14-05.01.53:806][  0]LogConfig: Setting CVar [[gc.MinGCClusterSize:5]]
[2020.02.14-05.01.53:806][  0]LogConfig: Setting CVar [[gc.ActorClusteringEnabled:0]]
[2020.02.14-05.01.53:806][  0]LogConfig: Setting CVar [[gc.BlueprintClusteringEnabled:0]]
[2020.02.14-05.01.53:806][  0]LogConfig: Setting CVar [[gc.UseDisregardForGCOnDedicatedServers:0]]
[2020.02.14-05.01.53:806][  0]LogConfig: Applying CVar settings from Section [/Script/Engine.NetworkSettings] File [D:/Projects/Apache_Shooter/Saved/Config/Windows/Engine.ini]
[2020.02.14-05.01.53:806][  0]LogConfig: Applying CVar settings from Section [/Script/UnrealEd.CookerSettings] File [D:/Projects/Apache_Shooter/Saved/Config/Windows/Engine.ini]
[2020.02.14-05.01.53:809][  0]LogConfig: Applying CVar settings from Section [ViewDistanceQuality@3] File [D:/Projects/Apache_Shooter/Saved/Config/Windows/Scalability.ini]
[2020.02.14-05.01.53:809][  0]LogConfig: Setting CVar [[r.SkeletalMeshLODBias:0]]
[2020.02.14-05.01.53:809][  0]LogConfig: Setting CVar [[r.ViewDistanceScale:1.0]]
[2020.02.14-05.01.53:809][  0]LogConfig: Applying CVar settings from Section [AntiAliasingQuality@3] File [D:/Projects/Apache_Shooter/Saved/Config/Windows/Scalability.ini]
[2020.02.14-05.01.53:809][  0]LogConfig: Setting CVar [[r.PostProcessAAQuality:4]]
[2020.02.14-05.01.53:809][  0]LogConfig: Applying CVar settings from Section [ShadowQuality@3] File [D:/Projects/Apache_Shooter/Saved/Config/Windows/Scalability.ini]
[2020.02.14-05.01.53:809][  0]LogConfig: Setting CVar [[r.LightFunctionQuality:1]]
[2020.02.14-05.01.53:809][  0]LogConfig: Setting CVar [[r.ShadowQuality:5]]
[2020.02.14-05.01.53:809][  0]LogConfig: Setting CVar [[r.Shadow.CSM.MaxCascades:10]]
[2020.02.14-05.01.53:809][  0]LogConfig: Setting CVar [[r.Shadow.MaxResolution:2048]]
[2020.02.14-05.01.53:809][  0]LogConfig: Setting CVar [[r.Shadow.MaxCSMResolution:2048]]
[2020.02.14-05.01.53:809][  0]LogConfig: Setting CVar [[r.Shadow.RadiusThreshold:0.01]]
[2020.02.14-05.01.53:809][  0]LogConfig: Setting CVar [[r.Shadow.DistanceScale:1.0]]
[2020.02.14-05.01.53:810][  0]LogConfig: Setting CVar [[r.Shadow.CSM.TransitionScale:1.0]]
[2020.02.14-05.01.53:810][  0]LogConfig: Setting CVar [[r.Shadow.PreShadowResolutionFactor:1.0]]
[2020.02.14-05.01.53:810][  0]LogConfig: Setting CVar [[r.DistanceFieldShadowing:1]]
[2020.02.14-05.01.53:810][  0]LogConfig: Setting CVar [[r.DistanceFieldAO:1]]
[2020.02.14-05.01.53:810][  0]LogConfig: Setting CVar [[r.AOQuality:2]]
[2020.02.14-05.01.53:810][  0]LogConfig: Setting CVar [[r.VolumetricFog:1]]
[2020.02.14-05.01.53:810][  0]LogConfig: Setting CVar [[r.VolumetricFog.GridPixelSize:8]]
[2020.02.14-05.01.53:810][  0]LogConfig: Setting CVar [[r.VolumetricFog.GridSizeZ:128]]
[2020.02.14-05.01.53:810][  0]LogConfig: Setting CVar [[r.VolumetricFog.HistoryMissSupersampleCount:4]]
[2020.02.14-05.01.53:810][  0]LogConfig: Setting CVar [[r.LightMaxDrawDistanceScale:1]]
[2020.02.14-05.01.53:810][  0]LogConfig: Setting CVar [[r.CapsuleShadows:1]]
[2020.02.14-05.01.53:810][  0]LogConfig: Applying CVar settings from Section [PostProcessQuality@3] File [D:/Projects/Apache_Shooter/Saved/Config/Windows/Scalability.ini]
[2020.02.14-05.01.53:810][  0]LogConfig: Setting CVar [[r.MotionBlurQuality:4]]
[2020.02.14-05.01.53:810][  0]LogConfig: Setting CVar [[r.AmbientOcclusionMipLevelFactor:0.4]]
[2020.02.14-05.01.53:810][  0]LogConfig: Setting CVar [[r.AmbientOcclusionMaxQuality:100]]
[2020.02.14-05.01.53:810][  0]LogConfig: Setting CVar [[r.AmbientOcclusionLevels:-1]]
[2020.02.14-05.01.53:810][  0]LogConfig: Setting CVar [[r.AmbientOcclusionRadiusScale:1.0]]
[2020.02.14-05.01.53:810][  0]LogConfig: Setting CVar [[r.DepthOfFieldQuality:2]]
[2020.02.14-05.01.53:810][  0]LogConfig: Setting CVar [[r.RenderTargetPoolMin:400]]
[2020.02.14-05.01.53:810][  0]LogConfig: Setting CVar [[r.LensFlareQuality:2]]
[2020.02.14-05.01.53:810][  0]LogConfig: Setting CVar [[r.SceneColorFringeQuality:1]]
[2020.02.14-05.01.53:810][  0]LogConfig: Setting CVar [[r.EyeAdaptationQuality:2]]
[2020.02.14-05.01.53:810][  0]LogConfig: Setting CVar [[r.BloomQuality:5]]
[2020.02.14-05.01.53:810][  0]LogConfig: Setting CVar [[r.FastBlurThreshold:100]]
[2020.02.14-05.01.53:810][  0]LogConfig: Setting CVar [[r.Upscale.Quality:3]]
[2020.02.14-05.01.53:810][  0]LogConfig: Setting CVar [[r.Tonemapper.GrainQuantization:1]]
[2020.02.14-05.01.53:810][  0]LogConfig: Setting CVar [[r.LightShaftQuality:1]]
[2020.02.14-05.01.53:810][  0]LogConfig: Setting CVar [[r.Filter.SizeScale:1]]
[2020.02.14-05.01.53:810][  0]LogConfig: Setting CVar [[r.Tonemapper.Quality:5]]
[2020.02.14-05.01.53:810][  0]LogConfig: Setting CVar [[r.DOF.Gather.AccumulatorQuality:1        ; higher gathering accumulator quality]]
[2020.02.14-05.01.53:810][  0]LogConfig: Setting CVar [[r.DOF.Gather.PostfilterMethod:1          ; Median3x3 postfilering method]]
[2020.02.14-05.01.53:810][  0]LogConfig: Setting CVar [[r.DOF.Gather.EnableBokehSettings:0       ; no bokeh simulation when gathering]]
[2020.02.14-05.01.53:810][  0]LogConfig: Setting CVar [[r.DOF.Gather.RingCount:4                 ; medium number of samples when gathering]]
[2020.02.14-05.01.53:810][  0]LogConfig: Setting CVar [[r.DOF.Scatter.ForegroundCompositing:1    ; additive foreground scattering]]
[2020.02.14-05.01.53:810][  0]LogConfig: Setting CVar [[r.DOF.Scatter.BackgroundCompositing:2    ; additive background scattering]]
[2020.02.14-05.01.53:810][  0]LogConfig: Setting CVar [[r.DOF.Scatter.EnableBokehSettings:1      ; bokeh simulation when scattering]]
[2020.02.14-05.01.53:810][  0]LogConfig: Setting CVar [[r.DOF.Scatter.MaxSpriteRatio:0.1         ; only a maximum of 10% of scattered bokeh]]
[2020.02.14-05.01.53:810][  0]LogConfig: Setting CVar [[r.DOF.Recombine.Quality:1                ; cheap slight out of focus]]
[2020.02.14-05.01.53:810][  0]LogConfig: Setting CVar [[r.DOF.Recombine.EnableBokehSettings:0    ; no bokeh simulation on slight out of focus]]
[2020.02.14-05.01.53:810][  0]LogConfig: Setting CVar [[r.DOF.TemporalAAQuality:1                ; more stable temporal accumulation]]
[2020.02.14-05.01.53:810][  0]LogConfig: Setting CVar [[r.DOF.Kernel.MaxForegroundRadius:0.025]]
[2020.02.14-05.01.53:810][  0]LogConfig: Setting CVar [[r.DOF.Kernel.MaxBackgroundRadius:0.025]]
[2020.02.14-05.01.53:810][  0]LogConfig: Applying CVar settings from Section [TextureQuality@3] File [D:/Projects/Apache_Shooter/Saved/Config/Windows/Scalability.ini]
[2020.02.14-05.01.53:810][  0]LogConfig: Setting CVar [[r.Streaming.MipBias:0]]
[2020.02.14-05.01.53:810][  0]LogConfig: Setting CVar [[r.Streaming.AmortizeCPUToGPUCopy:0]]
[2020.02.14-05.01.53:810][  0]LogConfig: Setting CVar [[r.Streaming.MaxNumTexturesToStreamPerFrame:0]]
[2020.02.14-05.01.53:810][  0]LogConfig: Setting CVar [[r.Streaming.Boost:1]]
[2020.02.14-05.01.53:810][  0]LogConfig: Setting CVar [[r.MaxAnisotropy:8]]
[2020.02.14-05.01.53:810][  0]LogConfig: Setting CVar [[r.VT.MaxAnisotropy:8]]
[2020.02.14-05.01.53:810][  0]LogConfig: Setting CVar [[r.Streaming.LimitPoolSizeToVRAM:0]]
[2020.02.14-05.01.53:810][  0]LogConfig: Setting CVar [[r.Streaming.PoolSize:1000]]
[2020.02.14-05.01.53:810][  0]LogConfig: Setting CVar [[r.Streaming.MaxEffectiveScreenSize:0]]
[2020.02.14-05.01.53:810][  0]LogConfig: Applying CVar settings from Section [EffectsQuality@3] File [D:/Projects/Apache_Shooter/Saved/Config/Windows/Scalability.ini]
[2020.02.14-05.01.53:810][  0]LogConfig: Setting CVar [[r.TranslucencyLightingVolumeDim:64]]
[2020.02.14-05.01.53:810][  0]LogConfig: Setting CVar [[r.RefractionQuality:2]]
[2020.02.14-05.01.53:810][  0]LogConfig: Setting CVar [[r.SSR.Quality:3]]
[2020.02.14-05.01.53:810][  0]LogConfig: Setting CVar [[r.SSR.HalfResSceneColor:0]]
[2020.02.14-05.01.53:810][  0]LogConfig: Setting CVar [[r.SceneColorFormat:4]]
[2020.02.14-05.01.53:810][  0]LogConfig: Setting CVar [[r.DetailMode:2]]
[2020.02.14-05.01.53:810][  0]LogConfig: Setting CVar [[r.TranslucencyVolumeBlur:1]]
[2020.02.14-05.01.53:810][  0]LogConfig: Setting CVar [[r.MaterialQualityLevel:1 ; High quality]]
[2020.02.14-05.01.53:810][  0]LogConfig: Setting CVar [[r.SSS.Scale:1]]
[2020.02.14-05.01.53:810][  0]LogConfig: Setting CVar [[r.SSS.SampleSet:2]]
[2020.02.14-05.01.53:810][  0]LogConfig: Setting CVar [[r.SSS.Quality:1]]
[2020.02.14-05.01.53:810][  0]LogConfig: Setting CVar [[r.SSS.HalfRes:1]]
[2020.02.14-05.01.53:810][  0]LogConfig: Setting CVar [[r.SSGI.Quality:3]]
[2020.02.14-05.01.53:810][  0]LogConfig: Setting CVar [[r.EmitterSpawnRateScale:1.0]]
[2020.02.14-05.01.53:810][  0]LogConfig: Setting CVar [[r.ParticleLightQuality:2]]
[2020.02.14-05.01.53:810][  0]LogConfig: Setting CVar [[r.SkyAtmosphere.AerialPerspectiveLUT.FastApplyOnOpaque:1 ; Always have FastSkyLUT 1 in this case to avoid wrong sky]]
[2020.02.14-05.01.53:810][  0]LogConfig: Setting CVar [[r.SkyAtmosphere.AerialPerspectiveLUT.SampleCountPerSlice:1]]
[2020.02.14-05.01.53:810][  0]LogConfig: Setting CVar [[r.SkyAtmosphere.AerialPerspectiveLUT.DepthResolution:16.0]]
[2020.02.14-05.01.53:810][  0]LogConfig: Setting CVar [[r.SkyAtmosphere.FastSkyLUT:1]]
[2020.02.14-05.01.53:810][  0]LogConfig: Setting CVar [[r.SkyAtmosphere.FastSkyLUT.SampleCountMin:4.0]]
[2020.02.14-05.01.53:810][  0]LogConfig: Setting CVar [[r.SkyAtmosphere.FastSkyLUT.SampleCountMax:32.0]]
[2020.02.14-05.01.53:811][  0]LogConfig: Setting CVar [[r.SkyAtmosphere.SampleCountMin:4.0]]
[2020.02.14-05.01.53:811][  0]LogConfig: Setting CVar [[r.SkyAtmosphere.SampleCountMax:32.0]]
[2020.02.14-05.01.53:811][  0]LogConfig: Setting CVar [[r.SkyAtmosphere.TransmittanceLUT.UseSmallFormat:0]]
[2020.02.14-05.01.53:811][  0]LogConfig: Setting CVar [[r.SkyAtmosphere.TransmittanceLUT.SampleCount:10.0]]
[2020.02.14-05.01.53:811][  0]LogConfig: Setting CVar [[r.SkyAtmosphere.MultiScatteringLUT.SampleCount:15.0]]
[2020.02.14-05.01.53:811][  0]LogConfig: Applying CVar settings from Section [FoliageQuality@3] File [D:/Projects/Apache_Shooter/Saved/Config/Windows/Scalability.ini]
[2020.02.14-05.01.53:811][  0]LogConfig: Setting CVar [[foliage.DensityScale:1.0]]
[2020.02.14-05.01.53:811][  0]LogConfig: Setting CVar [[grass.DensityScale:1.0]]
[2020.02.14-05.01.53:811][  0]LogConfig: Applying CVar settings from Section [ShadingQuality@3] File [D:/Projects/Apache_Shooter/Saved/Config/Windows/Scalability.ini]
[2020.02.14-05.01.53:811][  0]LogConfig: Setting CVar [[r.HairStrands.SkyLighting.SampleCount:16]]
[2020.02.14-05.01.53:811][  0]LogConfig: Setting CVar [[r.HairStrands.SkyLighting.JitterIntegration:0]]
[2020.02.14-05.01.53:811][  0]LogConfig: Setting CVar [[r.HairStrands.SkyAO.SampleCount:16]]
[2020.02.14-05.01.53:811][  0]LogInit: Selected Device Profile: [Windows]
[2020.02.14-05.01.53:811][  0]LogInit: Applying CVar settings loaded from the selected device profile: [Windows]
[2020.02.14-05.01.53:813][  0]LogHAL: Display: Platform has ~ 16 GB [17019686912 / 17179869184 / 16], which maps to Larger [LargestMinGB=32, LargerMinGB=12, DefaultMinGB=8, SmallerMinGB=6, SmallestMinGB=0)
[2020.02.14-05.01.53:813][  0]LogInit: Going up to parent DeviceProfile []
[2020.02.14-05.01.53:813][  0]LogConfig: Applying CVar settings from Section [ViewDistanceQuality@3] File [D:/Projects/Apache_Shooter/Saved/Config/Windows/Scalability.ini]
[2020.02.14-05.01.53:813][  0]LogConfig: Setting CVar [[r.SkeletalMeshLODBias:0]]
[2020.02.14-05.01.53:813][  0]LogConfig: Setting CVar [[r.ViewDistanceScale:1.0]]
[2020.02.14-05.01.53:813][  0]LogConfig: Applying CVar settings from Section [AntiAliasingQuality@3] File [D:/Projects/Apache_Shooter/Saved/Config/Windows/Scalability.ini]
[2020.02.14-05.01.53:813][  0]LogConfig: Setting CVar [[r.PostProcessAAQuality:4]]
[2020.02.14-05.01.53:813][  0]LogConfig: Applying CVar settings from Section [ShadowQuality@3] File [D:/Projects/Apache_Shooter/Saved/Config/Windows/Scalability.ini]
[2020.02.14-05.01.53:813][  0]LogConfig: Setting CVar [[r.LightFunctionQuality:1]]
[2020.02.14-05.01.53:813][  0]LogConfig: Setting CVar [[r.ShadowQuality:5]]
[2020.02.14-05.01.53:813][  0]LogConfig: Setting CVar [[r.Shadow.CSM.MaxCascades:10]]
[2020.02.14-05.01.53:813][  0]LogConfig: Setting CVar [[r.Shadow.MaxResolution:2048]]
[2020.02.14-05.01.53:813][  0]LogConfig: Setting CVar [[r.Shadow.MaxCSMResolution:2048]]
[2020.02.14-05.01.53:813][  0]LogConfig: Setting CVar [[r.Shadow.RadiusThreshold:0.01]]
[2020.02.14-05.01.53:813][  0]LogConfig: Setting CVar [[r.Shadow.DistanceScale:1.0]]
[2020.02.14-05.01.53:813][  0]LogConfig: Setting CVar [[r.Shadow.CSM.TransitionScale:1.0]]
[2020.02.14-05.01.53:813][  0]LogConfig: Setting CVar [[r.Shadow.PreShadowResolutionFactor:1.0]]
[2020.02.14-05.01.53:813][  0]LogConfig: Setting CVar [[r.DistanceFieldShadowing:1]]
[2020.02.14-05.01.53:813][  0]LogConfig: Setting CVar [[r.DistanceFieldAO:1]]
[2020.02.14-05.01.53:813][  0]LogConfig: Setting CVar [[r.AOQuality:2]]
[2020.02.14-05.01.53:813][  0]LogConfig: Setting CVar [[r.VolumetricFog:1]]
[2020.02.14-05.01.53:813][  0]LogConfig: Setting CVar [[r.VolumetricFog.GridPixelSize:8]]
[2020.02.14-05.01.53:813][  0]LogConfig: Setting CVar [[r.VolumetricFog.GridSizeZ:128]]
[2020.02.14-05.01.53:814][  0]LogConfig: Setting CVar [[r.VolumetricFog.HistoryMissSupersampleCount:4]]
[2020.02.14-05.01.53:814][  0]LogConfig: Setting CVar [[r.LightMaxDrawDistanceScale:1]]
[2020.02.14-05.01.53:814][  0]LogConfig: Setting CVar [[r.CapsuleShadows:1]]
[2020.02.14-05.01.53:814][  0]LogConfig: Applying CVar settings from Section [PostProcessQuality@3] File [D:/Projects/Apache_Shooter/Saved/Config/Windows/Scalability.ini]
[2020.02.14-05.01.53:814][  0]LogConfig: Setting CVar [[r.MotionBlurQuality:4]]
[2020.02.14-05.01.53:814][  0]LogConfig: Setting CVar [[r.AmbientOcclusionMipLevelFactor:0.4]]
[2020.02.14-05.01.53:814][  0]LogConfig: Setting CVar [[r.AmbientOcclusionMaxQuality:100]]
[2020.02.14-05.01.53:814][  0]LogConfig: Setting CVar [[r.AmbientOcclusionLevels:-1]]
[2020.02.14-05.01.53:814][  0]LogConfig: Setting CVar [[r.AmbientOcclusionRadiusScale:1.0]]
[2020.02.14-05.01.53:814][  0]LogConfig: Setting CVar [[r.DepthOfFieldQuality:2]]
[2020.02.14-05.01.53:814][  0]LogConfig: Setting CVar [[r.RenderTargetPoolMin:400]]
[2020.02.14-05.01.53:814][  0]LogConfig: Setting CVar [[r.LensFlareQuality:2]]
[2020.02.14-05.01.53:814][  0]LogConfig: Setting CVar [[r.SceneColorFringeQuality:1]]
[2020.02.14-05.01.53:814][  0]LogConfig: Setting CVar [[r.EyeAdaptationQuality:2]]
[2020.02.14-05.01.53:814][  0]LogConfig: Setting CVar [[r.BloomQuality:5]]
[2020.02.14-05.01.53:814][  0]LogConfig: Setting CVar [[r.FastBlurThreshold:100]]
[2020.02.14-05.01.53:814][  0]LogConfig: Setting CVar [[r.Upscale.Quality:3]]
[2020.02.14-05.01.53:814][  0]LogConfig: Setting CVar [[r.Tonemapper.GrainQuantization:1]]
[2020.02.14-05.01.53:814][  0]LogConfig: Setting CVar [[r.LightShaftQuality:1]]
[2020.02.14-05.01.53:814][  0]LogConfig: Setting CVar [[r.Filter.SizeScale:1]]
[2020.02.14-05.01.53:814][  0]LogConfig: Setting CVar [[r.Tonemapper.Quality:5]]
[2020.02.14-05.01.53:814][  0]LogConfig: Setting CVar [[r.DOF.Gather.AccumulatorQuality:1        ; higher gathering accumulator quality]]
[2020.02.14-05.01.53:814][  0]LogConfig: Setting CVar [[r.DOF.Gather.PostfilterMethod:1          ; Median3x3 postfilering method]]
[2020.02.14-05.01.53:814][  0]LogConfig: Setting CVar [[r.DOF.Gather.EnableBokehSettings:0       ; no bokeh simulation when gathering]]
[2020.02.14-05.01.53:814][  0]LogConfig: Setting CVar [[r.DOF.Gather.RingCount:4                 ; medium number of samples when gathering]]
[2020.02.14-05.01.53:814][  0]LogConfig: Setting CVar [[r.DOF.Scatter.ForegroundCompositing:1    ; additive foreground scattering]]
[2020.02.14-05.01.53:814][  0]LogConfig: Setting CVar [[r.DOF.Scatter.BackgroundCompositing:2    ; additive background scattering]]
[2020.02.14-05.01.53:814][  0]LogConfig: Setting CVar [[r.DOF.Scatter.EnableBokehSettings:1      ; bokeh simulation when scattering]]
[2020.02.14-05.01.53:814][  0]LogConfig: Setting CVar [[r.DOF.Scatter.MaxSpriteRatio:0.1         ; only a maximum of 10% of scattered bokeh]]
[2020.02.14-05.01.53:814][  0]LogConfig: Setting CVar [[r.DOF.Recombine.Quality:1                ; cheap slight out of focus]]
[2020.02.14-05.01.53:814][  0]LogConfig: Setting CVar [[r.DOF.Recombine.EnableBokehSettings:0    ; no bokeh simulation on slight out of focus]]
[2020.02.14-05.01.53:814][  0]LogConfig: Setting CVar [[r.DOF.TemporalAAQuality:1                ; more stable temporal accumulation]]
[2020.02.14-05.01.53:814][  0]LogConfig: Setting CVar [[r.DOF.Kernel.MaxForegroundRadius:0.025]]
[2020.02.14-05.01.53:814][  0]LogConfig: Setting CVar [[r.DOF.Kernel.MaxBackgroundRadius:0.025]]
[2020.02.14-05.01.53:814][  0]LogConfig: Applying CVar settings from Section [TextureQuality@3] File [D:/Projects/Apache_Shooter/Saved/Config/Windows/Scalability.ini]
[2020.02.14-05.01.53:814][  0]LogConfig: Setting CVar [[r.Streaming.MipBias:0]]
[2020.02.14-05.01.53:814][  0]LogConfig: Setting CVar [[r.Streaming.AmortizeCPUToGPUCopy:0]]
[2020.02.14-05.01.53:814][  0]LogConfig: Setting CVar [[r.Streaming.MaxNumTexturesToStreamPerFrame:0]]
[2020.02.14-05.01.53:814][  0]LogConfig: Setting CVar [[r.Streaming.Boost:1]]
[2020.02.14-05.01.53:814][  0]LogConfig: Setting CVar [[r.MaxAnisotropy:8]]
[2020.02.14-05.01.53:814][  0]LogConfig: Setting CVar [[r.VT.MaxAnisotropy:8]]
[2020.02.14-05.01.53:814][  0]LogConfig: Setting CVar [[r.Streaming.LimitPoolSizeToVRAM:0]]
[2020.02.14-05.01.53:814][  0]LogConfig: Setting CVar [[r.Streaming.PoolSize:1000]]
[2020.02.14-05.01.53:814][  0]LogConfig: Setting CVar [[r.Streaming.MaxEffectiveScreenSize:0]]
[2020.02.14-05.01.53:814][  0]LogConfig: Applying CVar settings from Section [EffectsQuality@3] File [D:/Projects/Apache_Shooter/Saved/Config/Windows/Scalability.ini]
[2020.02.14-05.01.53:814][  0]LogConfig: Setting CVar [[r.TranslucencyLightingVolumeDim:64]]
[2020.02.14-05.01.53:814][  0]LogConfig: Setting CVar [[r.RefractionQuality:2]]
[2020.02.14-05.01.53:814][  0]LogConfig: Setting CVar [[r.SSR.Quality:3]]
[2020.02.14-05.01.53:814][  0]LogConfig: Setting CVar [[r.SSR.HalfResSceneColor:0]]
[2020.02.14-05.01.53:814][  0]LogConfig: Setting CVar [[r.SceneColorFormat:4]]
[2020.02.14-05.01.53:814][  0]LogConfig: Setting CVar [[r.DetailMode:2]]
[2020.02.14-05.01.53:814][  0]LogConfig: Setting CVar [[r.TranslucencyVolumeBlur:1]]
[2020.02.14-05.01.53:814][  0]LogConfig: Setting CVar [[r.MaterialQualityLevel:1 ; High quality]]
[2020.02.14-05.01.53:814][  0]LogConfig: Setting CVar [[r.SSS.Scale:1]]
[2020.02.14-05.01.53:814][  0]LogConfig: Setting CVar [[r.SSS.SampleSet:2]]
[2020.02.14-05.01.53:814][  0]LogConfig: Setting CVar [[r.SSS.Quality:1]]
[2020.02.14-05.01.53:814][  0]LogConfig: Setting CVar [[r.SSS.HalfRes:1]]
[2020.02.14-05.01.53:814][  0]LogConfig: Setting CVar [[r.SSGI.Quality:3]]
[2020.02.14-05.01.53:814][  0]LogConfig: Setting CVar [[r.EmitterSpawnRateScale:1.0]]
[2020.02.14-05.01.53:815][  0]LogConfig: Setting CVar [[r.ParticleLightQuality:2]]
[2020.02.14-05.01.53:815][  0]LogConfig: Setting CVar [[r.SkyAtmosphere.AerialPerspectiveLUT.FastApplyOnOpaque:1 ; Always have FastSkyLUT 1 in this case to avoid wrong sky]]
[2020.02.14-05.01.53:815][  0]LogConfig: Setting CVar [[r.SkyAtmosphere.AerialPerspectiveLUT.SampleCountPerSlice:1]]
[2020.02.14-05.01.53:815][  0]LogConfig: Setting CVar [[r.SkyAtmosphere.AerialPerspectiveLUT.DepthResolution:16.0]]
[2020.02.14-05.01.53:815][  0]LogConfig: Setting CVar [[r.SkyAtmosphere.FastSkyLUT:1]]
[2020.02.14-05.01.53:815][  0]LogConfig: Setting CVar [[r.SkyAtmosphere.FastSkyLUT.SampleCountMin:4.0]]
[2020.02.14-05.01.53:815][  0]LogConfig: Setting CVar [[r.SkyAtmosphere.FastSkyLUT.SampleCountMax:32.0]]
[2020.02.14-05.01.53:815][  0]LogConfig: Setting CVar [[r.SkyAtmosphere.SampleCountMin:4.0]]
[2020.02.14-05.01.53:815][  0]LogConfig: Setting CVar [[r.SkyAtmosphere.SampleCountMax:32.0]]
[2020.02.14-05.01.53:815][  0]LogConfig: Setting CVar [[r.SkyAtmosphere.TransmittanceLUT.UseSmallFormat:0]]
[2020.02.14-05.01.53:815][  0]LogConfig: Setting CVar [[r.SkyAtmosphere.TransmittanceLUT.SampleCount:10.0]]
[2020.02.14-05.01.53:815][  0]LogConfig: Setting CVar [[r.SkyAtmosphere.MultiScatteringLUT.SampleCount:15.0]]
[2020.02.14-05.01.53:815][  0]LogConfig: Applying CVar settings from Section [FoliageQuality@3] File [D:/Projects/Apache_Shooter/Saved/Config/Windows/Scalability.ini]
[2020.02.14-05.01.53:815][  0]LogConfig: Setting CVar [[foliage.DensityScale:1.0]]
[2020.02.14-05.01.53:815][  0]LogConfig: Setting CVar [[grass.DensityScale:1.0]]
[2020.02.14-05.01.53:815][  0]LogConfig: Applying CVar settings from Section [ShadingQuality@3] File [D:/Projects/Apache_Shooter/Saved/Config/Windows/Scalability.ini]
[2020.02.14-05.01.53:815][  0]LogConfig: Setting CVar [[r.HairStrands.SkyLighting.SampleCount:16]]
[2020.02.14-05.01.53:815][  0]LogConfig: Setting CVar [[r.HairStrands.SkyLighting.JitterIntegration:0]]
[2020.02.14-05.01.53:815][  0]LogConfig: Setting CVar [[r.HairStrands.SkyAO.SampleCount:16]]
[2020.02.14-05.01.53:815][  0]LogConfig: Applying CVar settings from Section [Startup] File [../../../Engine/Config/ConsoleVariables.ini]
[2020.02.14-05.01.53:815][  0]LogConfig: Setting CVar [[net.UseAdaptiveNetUpdateFrequency:0]]
[2020.02.14-05.01.53:815][  0]LogConfig: Setting CVar [[p.chaos.AllowCreatePhysxBodies:1]]
[2020.02.14-05.01.53:815][  0]LogConfig: Applying CVar settings from Section [ConsoleVariables] File [D:/Projects/Apache_Shooter/Saved/Config/Windows/Engine.ini]
[2020.02.14-05.01.53:815][  0]LogInit: Computer: LAPTOP-RN6PMUIM
[2020.02.14-05.01.53:815][  0]LogInit: User: Apache
[2020.02.14-05.01.53:815][  0]LogInit: CPU Page size=4096, Cores=6
[2020.02.14-05.01.53:816][  0]LogInit: High frequency timer resolution =10.000000 MHz
[2020.02.14-05.01.53:816][  0]LogMemory: Memory total: Physical=15.9GB (16GB approx)
[2020.02.14-05.01.53:816][  0]LogMemory: Platform Memory Stats for Windows
[2020.02.14-05.01.53:816][  0]LogMemory: Process Physical Memory: 108.67 MB used, 108.67 MB peak
[2020.02.14-05.01.53:816][  0]LogMemory: Process Virtual Memory: 105.16 MB used, 105.16 MB peak
[2020.02.14-05.01.53:816][  0]LogMemory: Physical Memory: 7502.76 MB used,  8728.48 MB free, 16231.24 MB total
[2020.02.14-05.01.53:816][  0]LogMemory: Virtual Memory: 5200.63 MB used,  134212528.00 MB free, 134217728.00 MB total
[2020.02.14-05.01.53:818][  0]LogWindows: WindowsPlatformFeatures enabled
[2020.02.14-05.01.53:833][  0]LogInit: Overriding language with editor language configuration option (en).
[2020.02.14-05.01.53:834][  0]LogInit: Overriding locale with editor locale configuration option (en).
[2020.02.14-05.01.53:958][  0]LogInit: Setting process to per monitor DPI aware
[2020.02.14-05.01.53:981][  0]LogSlate: New Slate User Created.  User Index 0, Is Virtual User: 0
[2020.02.14-05.01.53:981][  0]LogSlate: Slate User Registered.  User Index 0, Is Virtual User: 0
[2020.02.14-05.01.54:116][  0]LogHMD: Failed to initialize OpenVR with code 100
[2020.02.14-05.01.54:116][  0]LogD3D11RHI: D3D11 min allowed feature level: 11_0
[2020.02.14-05.01.54:116][  0]LogD3D11RHI: D3D11 max allowed feature level: 11_0
[2020.02.14-05.01.54:116][  0]LogD3D11RHI: D3D11 adapters:
[2020.02.14-05.01.54:183][  0]LogD3D11RHI:    0. 'NVIDIA GeForce RTX 2060' (Feature Level 11_0)
[2020.02.14-05.01.54:183][  0]LogD3D11RHI:       5980/0/8115 MB DedicatedVideo/DedicatedSystem/SharedSystem, Outputs:2, VendorId:0x10de
[2020.02.14-05.01.54:195][  0]LogD3D11RHI:    1. 'Intel(R) UHD Graphics 630' (Feature Level 11_0)
[2020.02.14-05.01.54:195][  0]LogD3D11RHI:       128/0/8115 MB DedicatedVideo/DedicatedSystem/SharedSystem, Outputs:0, VendorId:0x8086
[2020.02.14-05.01.54:197][  0]LogD3D11RHI:    2. 'Microsoft Basic Render Driver' (Feature Level 11_0)
[2020.02.14-05.01.54:197][  0]LogD3D11RHI:       0/0/8115 MB DedicatedVideo/DedicatedSystem/SharedSystem, Outputs:0, VendorId:0x1414
[2020.02.14-05.01.54:197][  0]LogD3D11RHI: Chosen D3D11 Adapter: 0
[2020.02.14-05.01.54:232][  0]LogD3D11RHI: Creating new Direct3DDevice
[2020.02.14-05.01.54:232][  0]LogD3D11RHI:     GPU DeviceId: 0x1f11 (for the marketing name, search the web for "GPU Device Id")
[2020.02.14-05.01.54:232][  0]LogWindows: EnumDisplayDevices:
[2020.02.14-05.01.54:232][  0]LogWindows:    0. 'Intel(R) UHD Graphics 630' (P:1 D:1)
[2020.02.14-05.01.54:233][  0]LogWindows:    1. 'Intel(R) UHD Graphics 630' (P:0 D:0)
[2020.02.14-05.01.54:233][  0]LogWindows:    2. 'Intel(R) UHD Graphics 630' (P:0 D:0)
[2020.02.14-05.01.54:233][  0]LogWindows:    3. 'NVIDIA GeForce RTX 2060' (P:0 D:1)
[2020.02.14-05.01.54:233][  0]LogWindows:    4. 'NVIDIA GeForce RTX 2060' (P:0 D:0)
[2020.02.14-05.01.54:234][  0]LogWindows:    5. 'NVIDIA GeForce RTX 2060' (P:0 D:0)
[2020.02.14-05.01.54:234][  0]LogWindows:    6. 'NVIDIA GeForce RTX 2060' (P:0 D:0)
[2020.02.14-05.01.54:234][  0]LogWindows: DebugString: PrimaryIsNotTheChoosenAdapter PrimaryIsNotTheChoosenAdapter PrimaryIsNotTheChoosenAdapter FoundDriverCount:4 
[2020.02.14-05.01.54:234][  0]LogD3D11RHI:     Adapter Name: NVIDIA GeForce RTX 2060
[2020.02.14-05.01.54:234][  0]LogD3D11RHI:   Driver Version: 442.19 (internal:26.21.14.4219, unified:442.19)
[2020.02.14-05.01.54:234][  0]LogD3D11RHI:      Driver Date: 1-29-2020
[2020.02.14-05.01.54:234][  0]LogRHI: Texture pool is 4186 MB (70% of 5980 MB)
[2020.02.14-05.01.54:277][  0]LogD3D11RHI: RHI has support for 64 bit atomics
[2020.02.14-05.01.54:277][  0]LogD3D11RHI: Async texture creation enabled
[2020.02.14-05.01.54:294][  0]LogD3D11RHI: GPU Timing Frequency: 1000.000000 (Debug: 2 1)
[2020.02.14-05.01.54:533][  0]LogTargetPlatformManager: Display: Loaded TargetPlatform 'AllDesktop'
[2020.02.14-05.01.54:559][  0]LogTargetPlatformManager: Display: Loaded TargetPlatform 'Android'
[2020.02.14-05.01.54:559][  0]LogTargetPlatformManager: Display: Loaded TargetPlatform 'Android_ASTC'
[2020.02.14-05.01.54:559][  0]LogTargetPlatformManager: Display: Loaded TargetPlatform 'Android_ATC'
[2020.02.14-05.01.54:559][  0]LogTargetPlatformManager: Display: Loaded TargetPlatform 'Android_DXT'
[2020.02.14-05.01.54:559][  0]LogTargetPlatformManager: Display: Loaded TargetPlatform 'Android_ETC1'
[2020.02.14-05.01.54:559][  0]LogTargetPlatformManager: Display: Loaded TargetPlatform 'Android_ETC1a'
[2020.02.14-05.01.54:559][  0]LogTargetPlatformManager: Display: Loaded TargetPlatform 'Android_ETC2'
[2020.02.14-05.01.54:559][  0]LogTargetPlatformManager: Display: Loaded TargetPlatform 'Android_PVRTC'
[2020.02.14-05.01.54:559][  0]LogTargetPlatformManager: Display: Loaded TargetPlatform 'AndroidClient'
[2020.02.14-05.01.54:559][  0]LogTargetPlatformManager: Display: Loaded TargetPlatform 'Android_ASTCClient'
[2020.02.14-05.01.54:559][  0]LogTargetPlatformManager: Display: Loaded TargetPlatform 'Android_ATCClient'
[2020.02.14-05.01.54:559][  0]LogTargetPlatformManager: Display: Loaded TargetPlatform 'Android_DXTClient'
[2020.02.14-05.01.54:559][  0]LogTargetPlatformManager: Display: Loaded TargetPlatform 'Android_ETC1Client'
[2020.02.14-05.01.54:559][  0]LogTargetPlatformManager: Display: Loaded TargetPlatform 'Android_ETC1aClient'
[2020.02.14-05.01.54:559][  0]LogTargetPlatformManager: Display: Loaded TargetPlatform 'Android_ETC2Client'
[2020.02.14-05.01.54:559][  0]LogTargetPlatformManager: Display: Loaded TargetPlatform 'Android_PVRTCClient'
[2020.02.14-05.01.54:559][  0]LogTargetPlatformManager: Display: Loaded TargetPlatform 'Android_Multi'
[2020.02.14-05.01.54:559][  0]LogTargetPlatformManager: Display: Loaded TargetPlatform 'Android_MultiClient'
[2020.02.14-05.01.54:574][  0]LogTargetPlatformManager: Display: Loaded TargetPlatform 'IOSClient'
[2020.02.14-05.01.54:574][  0]LogTargetPlatformManager: Display: Loaded TargetPlatform 'IOS'
[2020.02.14-05.01.54:579][  0]LogTargetPlatformManager: Display: Loaded TargetPlatform 'LinuxNoEditor'
[2020.02.14-05.01.54:585][  0]LogTargetPlatformManager: Display: Loaded TargetPlatform 'LinuxClient'
[2020.02.14-05.01.54:591][  0]LogTargetPlatformManager: Display: Loaded TargetPlatform 'LinuxServer'
[2020.02.14-05.01.54:597][  0]LogTargetPlatformManager: Display: Loaded TargetPlatform 'LinuxAArch64NoEditor'
[2020.02.14-05.01.54:603][  0]LogTargetPlatformManager: Display: Loaded TargetPlatform 'LinuxAArch64Client'
[2020.02.14-05.01.54:609][  0]LogTargetPlatformManager: Display: Loaded TargetPlatform 'LinuxAArch64Server'
[2020.02.14-05.01.54:628][  0]LogTargetPlatformManager: Display: Loaded TargetPlatform 'Lumin'
[2020.02.14-05.01.54:628][  0]LogTargetPlatformManager: Display: Loaded TargetPlatform 'LuminClient'
[2020.02.14-05.01.54:639][  0]LogTargetPlatformManager: Display: Loaded TargetPlatform 'TVOSClient'
[2020.02.14-05.01.54:639][  0]LogTargetPlatformManager: Display: Loaded TargetPlatform 'TVOS'
[2020.02.14-05.01.54:645][  0]LogTargetPlatformManager: Display: Loaded TargetPlatform 'WindowsNoEditor'
[2020.02.14-05.01.54:651][  0]LogTargetPlatformManager: Display: Loaded TargetPlatform 'Windows'
[2020.02.14-05.01.54:657][  0]LogTargetPlatformManager: Display: Loaded TargetPlatform 'WindowsClient'
[2020.02.14-05.01.54:663][  0]LogTargetPlatformManager: Display: Loaded TargetPlatform 'WindowsServer'
[2020.02.14-05.01.54:663][  0]LogTargetPlatformManager: Display: Building Assets For Windows
[2020.02.14-05.01.54:665][  0]LogAudioDebug: Display: Lib vorbis DLL was dynamically loaded.
[2020.02.14-05.01.54:684][  0]LogShaderCompilers: Guid format shader working directory is 20 characters bigger than the processId version (D:/Projects/Apache_Shooter/Intermediate/Shaders/WorkingDirectory/11796/).
[2020.02.14-05.01.54:684][  0]LogShaderCompilers: Cleaned the shader compiler working directory 'C:/Users/Apache/AppData/Local/Temp/UnrealShaderWorkingDir/B0A95854410A35EAB827FCBDD942B87E/'.
[2020.02.14-05.01.54:685][  0]LogXGEController: Cleaning working directory: C:/Users/Apache/AppData/Local/Temp/UnrealXGEWorkingDir/
[2020.02.14-05.01.54:685][  0]LogXGEController: Cannot use XGE Controller as Incredibuild is not installed on this machine.
[2020.02.14-05.01.54:685][  0]LogShaderCompilers: Cannot use XGE Shader Compiler as Incredibuild is not installed on this machine.
[2020.02.14-05.01.54:685][  0]LogShaderCompilers: Display: Using Local Shader Compiler.
[2020.02.14-05.01.55:276][  0]LogDerivedDataCache: Display: Max Cache Size: 512 MB
[2020.02.14-05.01.55:327][  0]LogDerivedDataCache: Loaded boot cache 0.05s 81MB C:/Users/Apache/AppData/Local/UnrealEngine/4.24/DerivedDataCache/Boot.ddc.
[2020.02.14-05.01.55:327][  0]LogDerivedDataCache: Display: Loaded Boot cache: C:/Users/Apache/AppData/Local/UnrealEngine/4.24/DerivedDataCache/Boot.ddc
[2020.02.14-05.01.55:327][  0]LogDerivedDataCache: FDerivedDataBackendGraph:  Pak pak cache file D:/Projects/Apache_Shooter/DerivedDataCache/DDC.ddp not found, will not use a pak cache.
[2020.02.14-05.01.55:327][  0]LogDerivedDataCache: Unable to find inner node Pak for hierarchical cache Hierarchy.
[2020.02.14-05.01.55:327][  0]LogDerivedDataCache: FDerivedDataBackendGraph:  CompressedPak pak cache file D:/Projects/Apache_Shooter/DerivedDataCache/Compressed.ddp not found, will not use a pak cache.
[2020.02.14-05.01.55:327][  0]LogDerivedDataCache: Unable to find inner node CompressedPak for hierarchical cache Hierarchy.
[2020.02.14-05.01.55:336][  0]LogDerivedDataCache: Display: Pak cache opened for reading ../../../Engine/DerivedDataCache/Compressed.ddp.
[2020.02.14-05.01.55:336][  0]LogDerivedDataCache: FDerivedDataBackendGraph:  EnterprisePak pak cache file ../../../Enterprise/DerivedDataCache/Compressed.ddp not found, will not use a pak cache.
[2020.02.14-05.01.55:336][  0]LogDerivedDataCache: Unable to find inner node EnterprisePak for hierarchical cache Hierarchy.
[2020.02.14-05.01.55:337][  0]LogDerivedDataCache: Using Local data cache path C:/Users/Apache/AppData/Local/UnrealEngine/Common/DerivedDataCache: Writable
[2020.02.14-05.01.55:337][  0]LogDerivedDataCache: Shared data cache path not found in *engine.ini, will not use an Shared cache.
[2020.02.14-05.01.55:337][  0]LogDerivedDataCache: Unable to find inner node Shared for hierarchical cache Hierarchy.
[2020.02.14-05.01.55:359][  0]LogMaterial: Verifying Global Shaders for PCD3D_SM5
[2020.02.14-05.01.55:361][  0]LogSlate: Using FreeType 2.10.0
[2020.02.14-05.01.55:361][  0]LogSlate: SlateFontServices - WITH_FREETYPE: 1, WITH_HARFBUZZ: 1
[2020.02.14-05.01.55:403][  0]LogAssetRegistry: FAssetRegistry took 0.0019 seconds to start up
[2020.02.14-05.01.55:630][  0]LogInit: Selected Device Profile: [Windows]
[2020.02.14-05.01.55:755][  0]LogMeshReduction: Using QuadricMeshReduction for automatic static mesh reduction
[2020.02.14-05.01.55:755][  0]LogMeshReduction: Using SimplygonMeshReduction for automatic skeletal mesh reduction
[2020.02.14-05.01.55:755][  0]LogMeshReduction: Using ProxyLODMeshReduction for automatic mesh merging
[2020.02.14-05.01.55:755][  0]LogMeshReduction: No distributed automatic mesh merging module available
[2020.02.14-05.01.55:755][  0]LogMeshMerging: No distributed automatic mesh merging module available
[2020.02.14-05.01.55:766][  0]LogNetVersion: Apache_Shooter 1.0.0, NetCL: 10570792, EngineNetVer: 13, GameNetVer: 0 (Checksum: 2241804728)
[2020.02.14-05.01.56:551][  0]LogPackageLocalizationCache: Processed 10 localized package path(s) for 1 prioritized culture(s) in 0.030820 seconds
[2020.02.14-05.01.56:557][  0]LogUObjectArray: 46750 objects as part of root set at end of initial load.
[2020.02.14-05.01.56:557][  0]LogUObjectAllocator: 8137160 out of 0 bytes used by permanent object pool.
[2020.02.14-05.01.56:557][  0]LogUObjectArray: CloseDisregardForGC: 0/0 objects in disregard for GC pool
[2020.02.14-05.01.56:867][  0]LogTcpMessaging: Initializing TcpMessaging bridge
[2020.02.14-05.01.56:869][  0]LogUdpMessaging: Initializing bridge on interface 0.0.0.0:0 to multicast group 230.0.0.1:6666.
[2020.02.14-05.01.56:918][  0]SourceControl: Source control is disabled
[2020.02.14-05.01.56:919][  0]SourceControl: Source control is disabled
[2020.02.14-05.01.56:919][  0]SourceControl: Source control is disabled
[2020.02.14-05.01.56:920][  0]SourceControl: Source control is disabled
[2020.02.14-05.01.56:921][  0]SourceControl: Source control is disabled
[2020.02.14-05.01.56:983][  0]LogAndroidPermission: UAndroidPermissionCallbackProxy::GetInstance
[2020.02.14-05.01.56:991][  0]LogAudioCaptureCore: Display: No Audio Capture implementations found. Audio input will be silent.
[2020.02.14-05.01.56:991][  0]LogAudioCaptureCore: Display: No Audio Capture implementations found. Audio input will be silent.
[2020.02.14-05.01.57:061][  0]LogOcInput: OculusInput pre-init called
[2020.02.14-05.01.57:556][  0]LogEngine: Initializing Engine...
[2020.02.14-05.01.57:557][  0]LogHMD: Failed to initialize OpenVR with code 100
[2020.02.14-05.01.57:558][  0]LogStats: UGameplayTagsManager::InitializeManager -  0.000 s
[2020.02.14-05.01.57:839][  0]LogInit: Initializing FReadOnlyCVARCache
[2020.02.14-05.01.57:844][  0]LogAIModule: Creating AISystem for world Untitled
[2020.02.14-05.01.57:866][  0]LogAudioMixer: Display: Audio Mixer Platform Settings:
[2020.02.14-05.01.57:866][  0]LogAudioMixer: Display: 	Sample Rate:						  48000
[2020.02.14-05.01.57:866][  0]LogAudioMixer: Display: 	Callback Buffer Frame Size Requested: 1024
[2020.02.14-05.01.57:866][  0]LogAudioMixer: Display: 	Callback Buffer Frame Size To Use:	  1024
[2020.02.14-05.01.57:866][  0]LogAudioMixer: Display: 	Number of buffers to queue:			  2
[2020.02.14-05.01.57:866][  0]LogAudioMixer: Display: 	Max Channels (voices):				  32
[2020.02.14-05.01.57:866][  0]LogAudioMixer: Display: 	Number of Async Source Workers:		  0
[2020.02.14-05.01.57:866][  0]LogAudio: Display: AudioDevice MaxSources: 32
[2020.02.14-05.01.57:866][  0]LogAudio: Display: Using built-in audio occlusion.
[2020.02.14-05.01.57:866][  0]LogAudioMixer: Display: Initializing audio mixer.
[2020.02.14-05.01.57:885][  0]LogAudioMixer: Display: Audio Device Output Speaker Info:
[2020.02.14-05.01.57:885][  0]LogAudioMixer: Display: Name: Alto-falantes (3- Realtek(R) Audio)
[2020.02.14-05.01.57:885][  0]LogAudioMixer: Display: Is Default: Yes
[2020.02.14-05.01.57:885][  0]LogAudioMixer: Display: Sample Rate: 48000
[2020.02.14-05.01.57:885][  0]LogAudioMixer: Display: Channel Count Used: 2
[2020.02.14-05.01.57:885][  0]LogAudioMixer: Display: Device Channel Count: 2
[2020.02.14-05.01.57:885][  0]LogAudioMixer: Display: Channel Order:
[2020.02.14-05.01.57:885][  0]LogAudioMixer: Display: 0: FrontLeft
[2020.02.14-05.01.57:885][  0]LogAudioMixer: Display: 1: FrontRight
[2020.02.14-05.01.57:971][  0]LogAudioMixer: Display: Using Audio Device Alto-falantes (3- Realtek(R) Audio)
[2020.02.14-05.01.57:974][  0]LogInit: FAudioDevice initialized.
[2020.02.14-05.01.57:974][  0]LogNetVersion: Set ProjectVersion to 1.0.0.0. Version Checksum will be recalculated on next use.
[2020.02.14-05.01.58:023][  0]LogDerivedDataCache: Saved boot cache 0.05s 81MB C:/Users/Apache/AppData/Local/UnrealEngine/4.24/DerivedDataCache/Boot.ddc.
[2020.02.14-05.01.58:027][  0]LogInit: Texture streaming: Enabled
[2020.02.14-05.01.58:036][  0]LogEngineSessionManager: EngineSessionManager initialized
[2020.02.14-05.01.58:036][  0]LogEngineSessionManager: EngineSessionManager sent abnormal shutdown report. Type=Crashed, SessionId={69D4AA74-44E1-F6B5-525A-A0A69544E5A2}
[2020.02.14-05.01.58:036][  0]LogEditorSessionSummary: Verbose: Initializing EditorSessionSummaryWriter for editor session tracking
[2020.02.14-05.01.58:038][  0]LogEditorSessionSummary: EditorSessionSummaryWriter initialized
[2020.02.14-05.01.58:074][  0]LogInit: Transaction tracking system initialized
[2020.02.14-05.01.58:082][  0]BlueprintLog: New page: Editor Load
[2020.02.14-05.01.58:108][  0]LocalizationService: Localization service is disabled
[2020.02.14-05.01.58:541][  0]LogFileCache: Scanning file cache for directory 'D:/Projects/Apache_Shooter/Content/' took 0.00s
[2020.02.14-05.01.58:541][  0]LogCook: Display: Max memory allowance for cook 16384mb min free memory 0mb
[2020.02.14-05.01.58:542][  0]LogCook: Display: Mobile HDR setting 1
[2020.02.14-05.01.59:040][  0]SourceControl: Source control is disabled
[2020.02.14-05.01.59:040][  0]Cmd: MAP LOAD FILE="D:/Projects/Apache_Shooter/Content/Maps/Test.umap" TEMPLATE=0 SHOWPROGRESS=1 FEATURELEVEL=3
[2020.02.14-05.01.59:040][  0]LightingResults: New page: Lighting Build
[2020.02.14-05.01.59:041][  0]LogWorld: UWorld::CleanupWorld for Untitled, bSessionEnded=true, bCleanupResources=true
[2020.02.14-05.01.59:041][  0]LogSlate: InvalidateAllWidgets triggered.  All widgets were invalidated
[2020.02.14-05.01.59:041][  0]MapCheck: New page: Map Check
[2020.02.14-05.01.59:041][  0]LightingResults: New page: Lighting Build
[2020.02.14-05.01.59:069][  0]LogUObjectHash: Compacting FUObjectHashTables data took   1.37ms
[2020.02.14-05.01.59:178][  0]LogAIModule: Creating AISystem for world Test
[2020.02.14-05.01.59:184][  0]LogEditorServer: Finished looking for orphan Actors (0.000 secs)
[2020.02.14-05.01.59:215][  0]LogUObjectHash: Compacting FUObjectHashTables data took   3.03ms
[2020.02.14-05.01.59:216][  0]Cmd: MAP CHECKDEP NOCLEARLOG
[2020.02.14-05.01.59:216][  0]MapCheck: Map check complete: 0 Error(s), 0 Warning(s), took 0.065ms to complete.
[2020.02.14-05.01.59:216][  0]LogFileHelpers: Loading map 'Test' took 0.176
[2020.02.14-05.01.59:327][  0]LogSlate: Updating window title bar state: overlay mode, drag disabled, window buttons hidden, title bar hidden
[2020.02.14-05.01.59:333][  0]LogSlate: Updating window title bar state: overlay mode, drag disabled, window buttons hidden, title bar hidden
[2020.02.14-05.01.59:338][  0]LogSlate: Updating window title bar state: overlay mode, drag disabled, window buttons hidden, title bar hidden
[2020.02.14-05.01.59:344][  0]LogSlate: Updating window title bar state: overlay mode, drag disabled, window buttons hidden, title bar hidden
[2020.02.14-05.01.59:347][  0]LogCollectionManager: Loaded 0 collections in 0.001471 seconds
[2020.02.14-05.01.59:358][  0]LogFileCache: Scanning file cache for directory 'D:/Projects/Apache_Shooter/Saved/Collections/' took 0.00s
[2020.02.14-05.01.59:358][  0]LogFileCache: Scanning file cache for directory 'D:/Projects/Apache_Shooter/Content/Developers/Apache/Collections/' took 0.00s
[2020.02.14-05.01.59:358][  0]LogFileCache: Scanning file cache for directory 'D:/Projects/Apache_Shooter/Content/Collections/' took 0.00s
[2020.02.14-05.01.59:358][  0]LogContentBrowser: Native class hierarchy populated in 0.0073 seconds. Added 3020 classes and 720 folders.
[2020.02.14-05.01.59:361][  0]LogContentBrowser: Native class hierarchy updated for 'WidgetCarousel' in 0.0003 seconds. Added 0 classes and 0 folders.
[2020.02.14-05.01.59:398][  0]LogContentBrowser: Native class hierarchy updated for 'AddContentDialog' in 0.0003 seconds. Added 0 classes and 0 folders.
[2020.02.14-05.01.59:401][  0]LogContentBrowser: Native class hierarchy updated for 'SceneOutliner' in 0.0003 seconds. Added 2 classes and 3 folders.
[2020.02.14-05.01.59:476][  0]LogSlate: Took 0.000197 seconds to synchronously load lazily loaded font '../../../Engine/Content/Slate/Fonts/Roboto-Regular.ttf' (155K)
[2020.02.14-05.01.59:482][  0]LogSlate: Took 0.000154 seconds to synchronously load lazily loaded font '../../../Engine/Content/Editor/Slate/Fonts/FontAwesome.ttf' (139K)
[2020.02.14-05.01.59:482][  0]LogSlate: Took 0.000086 seconds to synchronously load lazily loaded font '../../../Engine/Content/Slate/Fonts/Roboto-Bold.ttf' (160K)
[2020.02.14-05.01.59:483][  0]LogSlate: Took 0.000158 seconds to synchronously load lazily loaded font '../../../Engine/Content/Slate/Fonts/DroidSansMono.ttf' (77K)
[2020.02.14-05.01.59:582][  0]LogRenderer: Reallocating scene render targets to support 1152x660 Format 10 NumSamples 1 (Frame:1).
[2020.02.14-05.01.59:707][  0]LogContentBrowser: Native class hierarchy updated for 'HierarchicalLODOutliner' in 0.0003 seconds. Added 0 classes and 0 folders.
[2020.02.14-05.01.59:707][  0]LogLoad: (Engine Initialization) Total time: 7.38 seconds
[2020.02.14-05.01.59:707][  0]LogLoad: (Engine Initialization) Total Blueprint compile time: 0.00 seconds
[2020.02.14-05.01.59:754][  0]LogAssetRegistry: Asset discovery search completed in 4.3515 seconds
[2020.02.14-05.01.59:757][  0]LogCollectionManager: Fixed up redirectors for 0 collections in 0.000006 seconds (updated 0 objects)
[2020.02.14-05.01.59:758][  0]LogContentStreaming: Texture pool size now 1000 MB
[2020.02.14-05.01.59:848][  0]LogSlate: Took 0.000123 seconds to synchronously load lazily loaded font '../../../Engine/Content/Slate/Fonts/Roboto-Light.ttf' (167K)
[2020.02.14-05.03.12:547][294]LogAudioMixer: Display: Audio Buffer Underrun detected.
[2020.02.14-05.03.47:070][396]LogHotReload: New module detected: UE4Editor-Apache_Shooter-0034.dll
[2020.02.14-05.03.47:750][399]LogHotReload: Starting Hot-Reload from IDE
[2020.02.14-05.03.47:762][399]LogSlate: Took 0.000126 seconds to synchronously load lazily loaded font '../../../Engine/Content/Slate/Fonts/Roboto-Light.ttf' (167K)
[2020.02.14-05.03.47:804][399]LogUObjectHash: Compacting FUObjectHashTables data took   0.65ms
[2020.02.14-05.03.47:824][399]LogClass: Could not find existing class S_Character in package /Script/Apache_Shooter for HotReload, assuming new class
[2020.02.14-05.03.47:824][399]LogClass: Function BeginOverlap is new.
[2020.02.14-05.03.47:824][399]LogClass: Function CharInits is new.
[2020.02.14-05.03.47:824][399]LogClass: Function DropSelectedItem is new.
[2020.02.14-05.03.47:824][399]LogClass: Function EndOverlap is new.
[2020.02.14-05.03.47:824][399]LogClass: Function GetOverlappingItems is new.
[2020.02.14-05.03.47:824][399]LogClass: Function HidePickup is new.
[2020.02.14-05.03.47:824][399]LogClass: Function HoldItem is new.
[2020.02.14-05.03.47:824][399]LogClass: Function MoveForward is new.
[2020.02.14-05.03.47:824][399]LogClass: Function MoveRight is new.
[2020.02.14-05.03.47:824][399]LogClass: Function PickupItem is new.
[2020.02.14-05.03.47:824][399]LogClass: Function PickupWeapon is new.
[2020.02.14-05.03.47:824][399]LogClass: Function SelectItem is new.
[2020.02.14-05.03.47:824][399]LogClass: Function SelectItem1 is new.
[2020.02.14-05.03.47:824][399]LogClass: Function SelectItem2 is new.
[2020.02.14-05.03.47:824][399]LogClass: Function SelectItem3 is new.
[2020.02.14-05.03.47:824][399]LogClass: Function SelectItem4 is new.
[2020.02.14-05.03.47:824][399]LogClass: Function SetPickupType is new.
[2020.02.14-05.03.47:832][399]LogHotReload: Re-instancing S_Character after hot-reload.
[2020.02.14-05.03.47:908][399]LogContentBrowser: Native class hierarchy updated for 'Apache_Shooter' in 0.0003 seconds. Added 5 classes and 3 folders.
[2020.02.14-05.03.47:911][399]Display: HotReload successful (3 functions remapped  0 scriptstructs remapped)
[2020.02.14-05.03.47:966][399]LogUObjectHash: Compacting FUObjectHashTables data took   1.16ms
[2020.02.14-05.03.47:976][399]LogContentBrowser: Native class hierarchy populated in 0.0065 seconds. Added 3022 classes and 723 folders.
[2020.02.14-05.03.47:987][399]Display: HotReload took  0.2s.
[2020.02.14-05.03.50:145][445]LogTemp: Repeating last play command: Selected Viewport
[2020.02.14-05.03.50:157][445]LogPlayLevel: PlayLevel: No blueprints needed recompiling
[2020.02.14-05.03.50:157][445]PIE: New page: PIE session: Test (Feb 14, 2020, 12:03:50 AM)
[2020.02.14-05.03.50:158][445]LogOnline: OSS: Creating online subsystem instance for: NULL
[2020.02.14-05.03.50:159][445]LogOnline: OSS: TryLoadSubsystemAndSetDefault: Loaded subsystem for module [NULL]
[2020.02.14-05.03.50:160][445]LogPlayLevel: Creating play world package: /Game/Maps/UEDPIE_0_Test
[2020.02.14-05.03.50:162][445]LogPlayLevel: PIE: StaticDuplicateObject took: (0.002384s)
[2020.02.14-05.03.50:163][445]LogAIModule: Creating AISystem for world Test
[2020.02.14-05.03.50:163][445]LogPlayLevel: PIE: World Init took: (0.001389s)
[2020.02.14-05.03.50:164][445]LogPlayLevel: PIE: Created PIE world by copying editor world from /Game/Maps/Test.Test to /Game/Maps/UEDPIE_0_Test.Test (0.004047s)
[2020.02.14-05.03.50:192][445]LogUObjectHash: Compacting FUObjectHashTables data took   1.17ms
[2020.02.14-05.03.50:192][445]LogAudioMixer: Display: Audio Mixer Platform Settings:
[2020.02.14-05.03.50:192][445]LogAudioMixer: Display: 	Sample Rate:						  48000
[2020.02.14-05.03.50:192][445]LogAudioMixer: Display: 	Callback Buffer Frame Size Requested: 1024
[2020.02.14-05.03.50:192][445]LogAudioMixer: Display: 	Callback Buffer Frame Size To Use:	  1024
[2020.02.14-05.03.50:192][445]LogAudioMixer: Display: 	Number of buffers to queue:			  2
[2020.02.14-05.03.50:192][445]LogAudioMixer: Display: 	Max Channels (voices):				  32
[2020.02.14-05.03.50:192][445]LogAudioMixer: Display: 	Number of Async Source Workers:		  0
[2020.02.14-05.03.50:192][445]LogAudio: Display: AudioDevice MaxSources: 32
[2020.02.14-05.03.50:193][445]LogAudio: Display: Using built-in audio occlusion.
[2020.02.14-05.03.50:193][445]LogAudioMixer: Display: Initializing audio mixer.
[2020.02.14-05.03.50:203][445]LogAudioMixer: Display: Audio Device Output Speaker Info:
[2020.02.14-05.03.50:203][445]LogAudioMixer: Display: Name: Alto-falantes (3- Realtek(R) Audio)
[2020.02.14-05.03.50:203][445]LogAudioMixer: Display: Is Default: Yes
[2020.02.14-05.03.50:203][445]LogAudioMixer: Display: Sample Rate: 48000
[2020.02.14-05.03.50:203][445]LogAudioMixer: Display: Channel Count Used: 2
[2020.02.14-05.03.50:203][445]LogAudioMixer: Display: Device Channel Count: 2
[2020.02.14-05.03.50:203][445]LogAudioMixer: Display: Channel Order:
[2020.02.14-05.03.50:203][445]LogAudioMixer: Display: 0: FrontLeft
[2020.02.14-05.03.50:203][445]LogAudioMixer: Display: 1: FrontRight
[2020.02.14-05.03.50:277][445]LogAudioMixer: Display: Using Audio Device Alto-falantes (3- Realtek(R) Audio)
[2020.02.14-05.03.50:278][445]LogInit: FAudioDevice initialized.
[2020.02.14-05.03.50:338][445]LogLoad: Game class is 'BP_GameModeBase_C'
[2020.02.14-05.03.50:339][445]LogWorld: Bringing World /Game/Maps/UEDPIE_0_Test.Test up for play (max tick rate 60) at 2020.02.14-02.03.50
[2020.02.14-05.03.50:340][445]LogWorld: Bringing up level for play took: 0.000808
[2020.02.14-05.03.50:340][445]LogOnline: OSS: Creating online subsystem instance for: :Context_1
[2020.02.14-05.03.50:357][445]LogContentBrowser: Native class hierarchy updated for 'MovieSceneCapture' in 0.0003 seconds. Added 20 classes and 0 folders.
[2020.02.14-05.03.50:358][445]PIE: Play in editor start time for /Game/Maps/UEDPIE_0_Test 0.594
[2020.02.14-05.03.51:845][533]ItemNearActor is now null!
[2020.02.14-05.03.51:845][533]overlapped
[2020.02.14-05.03.51:964][540]+ item
[2020.02.14-05.03.51:964][540]UNOVER
[2020.02.14-05.03.51:964][540]done!
[2020.02.14-05.03.52:196][554]ItemNearActor is now null!
[2020.02.14-05.03.52:196][554]overlapped
[2020.02.14-05.03.52:297][560]+ item
[2020.02.14-05.03.52:297][560]UNOVER
[2020.02.14-05.03.52:297][560]done!
[2020.02.14-05.03.52:562][576]ItemNearActor is now null!
[2020.02.14-05.03.52:562][576]overlapped
[2020.02.14-05.03.52:630][580]+ item
[2020.02.14-05.03.52:630][580]UNOVER
[2020.02.14-05.03.52:630][580]done!
[2020.02.14-05.03.52:845][593]ItemNearActor is now null!
[2020.02.14-05.03.52:845][593]overlapped
[2020.02.14-05.03.52:964][600]+ item
[2020.02.14-05.03.52:964][600]UNOVER
[2020.02.14-05.03.52:964][600]done!
[2020.02.14-05.03.53:230][616]ItemNearActor is now null!
[2020.02.14-05.03.53:230][616]overlapped
[2020.02.14-05.03.53:596][638]Can't carry any more items!
[2020.02.14-05.03.54:279][679]UNOVER
[2020.02.14-05.03.54:562][696]ItemNearActor is now null!
[2020.02.14-05.03.54:562][696]overlapped
[2020.02.14-05.03.55:062][726]Can't carry any more items!
[2020.02.14-05.03.55:630][760]UNOVER
[2020.02.14-05.03.55:763][768]ItemNearActor is now null!
[2020.02.14-05.03.55:763][768]overlapped
[2020.02.14-05.03.56:312][801]Can't carry any more items!
[2020.02.14-05.03.56:846][833]UNOVER
[2020.02.14-05.03.56:963][840]ItemNearActor is now null!
[2020.02.14-05.03.56:963][840]overlapped
[2020.02.14-05.03.57:279][859]Can't carry any more items!
[2020.02.14-05.03.57:312][861]UNOVER
[2020.02.14-05.03.57:413][867]ItemNearActor is now null!
[2020.02.14-05.03.57:413][867]overlapped
[2020.02.14-05.03.57:563][876]Can't carry any more items!
[2020.02.14-05.03.57:763][888]UNOVER
[2020.02.14-05.03.59:263][978]ItemNearActor is now null!
[2020.02.14-05.03.59:263][978]overlapped
[2020.02.14-05.03.59:329][982]Can't carry any more items!
[2020.02.14-05.03.59:529][994]Can't carry any more items!
[2020.02.14-05.03.59:612][999]UNOVER
[2020.02.14-05.04.00:959][  3]LogWindows: Error: === Critical error: ===
[2020.02.14-05.04.00:959][  3]LogWindows: Error: 
[2020.02.14-05.04.00:959][  3]LogWindows: Error: Fatal error!
[2020.02.14-05.04.00:959][  3]LogWindows: Error: 
[2020.02.14-05.04.00:959][  3]LogWindows: Error: Unhandled Exception: EXCEPTION_ACCESS_VIOLATION reading address 0x000002ec
[2020.02.14-05.04.00:959][  3]LogWindows: Error: 
[2020.02.14-05.04.00:959][  3]LogWindows: Error: [Callstack] 0x00007fff4e4f56a7 UE4Editor-Apache_Shooter-0034.dll!AS_Character::SetPickupType() [D:\Projects\Apache_Shooter\Source\Apache_Shooter\Private\S_Character.cpp:140]
[2020.02.14-05.04.00:959][  3]LogWindows: Error: [Callstack] 0x00007fff6ba245b6 UE4Editor-Engine.dll!UnknownFunction []
[2020.02.14-05.04.00:959][  3]LogWindows: Error: 
[2020.02.14-05.04.00:968][  3]LogExit: Executing StaticShutdownAfterError
[2020.02.14-05.04.00:971][  3]LogWindows: FPlatformMisc::RequestExit(1)
[2020.02.14-05.04.00:971][  3]LogCore: Engine exit requested (reason: Win RequestExit)
[2020.02.14-05.04.00:979][  3]Log file closed, 02/14/20 02:04:00
